<?xml version="1.0" encoding="UTF-8"?>
<testsuite xmlns:xsi="http://www.w3.org/2001/XMLSchema-instance" xsi:noNamespaceSchemaLocation="https://maven.apache.org/surefire/maven-surefire-plugin/xsd/surefire-test-report-3.0.xsd" version="3.0" name="edu.school21.repositories.ProductsRepositoryJdbcImplTest" time="0.378" tests="7" errors="0" skipped="0" failures="0">
  <properties>
[...]
</properties>
  <testcase name="saveTest" classname="edu.school21.repositories.ProductsRepositoryJdbcImplTest" time="0.278"/>
  <testcase name="findByIdExceptionTest" classname="edu.school21.repositories.ProductsRepositoryJdbcImplTest" time="0.019"/>
  <testcase name="updateTest" classname="edu.school21.repositories.ProductsRepositoryJdbcImplTest" time="0.019"/>
  <testcase name="findAllTest" classname="edu.school21.repositories.ProductsRepositoryJdbcImplTest" time="0.016"/>
  <testcase name="findByIdOptionalTest" classname="edu.school21.repositories.ProductsRepositoryJdbcImplTest" time="0.015"/>
  <testcase name="findByIdTest" classname="edu.school21.repositories.ProductsRepositoryJdbcImplTest" time="0.014"/>
  <testcase name="deleteTest" classname="edu.school21.repositories.ProductsRepositoryJdbcImplTest" time="0.014"/>
</testsuite>